Performing C++ SOURCE FILE Test has_std_17_flag failed with the following output:
Change Dir: D:/Code/github.com/foinfo/build/CMakeFiles/CMakeTmp

Run Build Command(s):C:/Program Files (x86)/Microsoft Visual Studio/2019/Community/MSBuild/Current/Bin/MSBuild.exe cmTC_6b3df.vcxproj /p:Configuration=Debug /p:Platform=x64 /p:VisualStudioVersion=16.0 /v:m && 用于 .NET Framework 的 Microsoft (R) 生成引擎版本 16.10.2+857e5a733
版权所有(C) Microsoft Corporation。保留所有权利。

  用于 x64 的 Microsoft (R) C/C++ 优化编译器 19.29.30038.1 版
  版权所有(C) Microsoft Corporation。保留所有权利。
  cl /c /Zi /W3 /WX- /diagnostics:column /Od /Ob0 /D WIN32 /D _WINDOWS /D has_std_17_flag /D "CMAKE_INTDIR=\"Debug\"" /D _MBCS /Gm- /EHsc /RTC1 /MDd /GS /fp:precise /Zc:wchar_t /Zc:forScope /Zc:inline /GR /std:c++17 /Fo"cmTC_6b3df.dir\Debug\\" /Fd"cmTC_6b3df.dir\Debug\vc142.pdb" /external:env:EXTERNAL_INCLUDE /external:W3 /Gd /TP /errorReport:queue  -std=c++17 D:\Code\github.com\foinfo\build\CMakeFiles\CMakeTmp\src.cxx
cl : 命令行 warning D9002: 忽略未知选项“-std=c++17” [D:\Code\github.com\foinfo\build\CMakeFiles\CMakeTmp\cmTC_6b3df.vcxproj]
  src.cxx
  cmTC_6b3df.vcxproj -> D:\Code\github.com\foinfo\build\CMakeFiles\CMakeTmp\Debug\cmTC_6b3df.exe


Source file was:
int main() { return 0; }
Performing C++ SOURCE FILE Test has_std_1z_flag failed with the following output:
Change Dir: D:/Code/github.com/foinfo/build/CMakeFiles/CMakeTmp

Run Build Command(s):C:/Program Files (x86)/Microsoft Visual Studio/2019/Community/MSBuild/Current/Bin/MSBuild.exe cmTC_3cf74.vcxproj /p:Configuration=Debug /p:Platform=x64 /p:VisualStudioVersion=16.0 /v:m && 用于 .NET Framework 的 Microsoft (R) 生成引擎版本 16.10.2+857e5a733
版权所有(C) Microsoft Corporation。保留所有权利。

  用于 x64 的 Microsoft (R) C/C++ 优化编译器 19.29.30038.1 版
  版权所有(C) Microsoft Corporation。保留所有权利。
  src.cxx
  cl /c /Zi /W3 /WX- /diagnostics:column /Od /Ob0 /D WIN32 /D _WINDOWS /D has_std_1z_flag /D "CMAKE_INTDIR=\"Debug\"" /D _MBCS /Gm- /EHsc /RTC1 /MDd /GS /fp:precise /Zc:wchar_t /Zc:forScope /Zc:inline /GR /std:c++17 /Fo"cmTC_3cf74.dir\Debug\\" /Fd"cmTC_3cf74.dir\Debug\vc142.pdb" /external:env:EXTERNAL_INCLUDE /external:W3 /Gd /TP /errorReport:queue  -std=c++1z D:\Code\github.com\foinfo\build\CMakeFiles\CMakeTmp\src.cxx
cl : 命令行 warning D9002: 忽略未知选项“-std=c++1z” [D:\Code\github.com\foinfo\build\CMakeFiles\CMakeTmp\cmTC_3cf74.vcxproj]
  cmTC_3cf74.vcxproj -> D:\Code\github.com\foinfo\build\CMakeFiles\CMakeTmp\Debug\cmTC_3cf74.exe


Source file was:
int main() { return 0; }
